<?xml version="1.0" encoding="UTF-8"?>
<!-- Generated by org.testng.reporters.JUnitReportReporter -->
<testsuite hostname="DESKTOP-NH1NC1V" failures="0" tests="1" name="com.mystore.testcases.ProductTest" time="9.242" errors="0" timestamp="2025-06-05T00:59:28 IST" skipped="0">
  <testcase classname="com.mystore.testcases.ProductTest" name="productDetailsValidation" time="9.242"/>
</testsuite> <!-- com.mystore.testcases.ProductTest -->
