<?xml version="1.0" encoding="UTF-8"?>
<!-- Generated by org.testng.reporters.JUnitReportReporter -->
<testsuite hostname="DESKTOP-NH1NC1V" failures="0" tests="1" name="com.mystore.testcases.SearchTest" time="11.810" errors="0" timestamp="2025-06-05T01:44:44 IST" skipped="0">
  <testcase classname="com.mystore.testcases.SearchTest" name="searchProduct" time="11.810"/>
</testsuite> <!-- com.mystore.testcases.SearchTest -->
